<?xml version="1.0" encoding="UTF-8"?>
<!-- Generated by org.testng.reporters.JUnitReportReporter -->
<testsuite hostname="ARPGL006736" failures="0" tests="3" name="NewTest" time="1.514" errors="0" timestamp="30 Jan 2022 18:11:12 GMT" skipped="0">
  <testcase classname="NewTest" name="f" time="0.499"/>
  <testcase classname="NewTest" name="f" time="0.282"/>
  <testcase classname="NewTest" name="f" time="0.733"/>
</testsuite> <!-- NewTest -->
