<?xml version="1.0" encoding="UTF-8"?>
<!-- Generated by org.testng.reporters.JUnitReportReporter -->
<testsuite hostname="ARPGL006736" failures="0" tests="1" name="com.tests.TC_Verify_ChangePassword" time="14.805" errors="0" timestamp="31 Jan 2022 04:41:47 GMT" skipped="0">
  <testcase classname="com.tests.TC_Verify_ChangePassword" name="f" time="14.805"/>
</testsuite> <!-- com.tests.TC_Verify_ChangePassword -->
