<?xml version="1.0" encoding="UTF-8"?>
<!-- Generated by org.testng.reporters.JUnitReportReporter -->
<testsuite hostname="ARPGL006736" failures="0" tests="1" name="com.tests.TC_Verify_AddToCart" time="7.191" errors="0" timestamp="08 Feb 2022 05:09:06 GMT" skipped="0">
  <testcase classname="com.tests.TC_Verify_AddToCart" name="f" time="7.191"/>
</testsuite> <!-- com.tests.TC_Verify_AddToCart -->
