<?xml version="1.0" encoding="UTF-8"?>
<!-- Generated by org.testng.reporters.JUnitReportReporter -->
<testsuite hostname="ARPGL006736" failures="0" tests="1" name="com.tests.TC_Verify_SignUp" time="5.688" errors="0" timestamp="08 Feb 2022 05:07:49 GMT" skipped="0">
  <testcase classname="com.tests.TC_Verify_SignUp" name="SignUpVerified" time="5.688"/>
</testsuite> <!-- com.tests.TC_Verify_SignUp -->
