<?xml version="1.0" encoding="UTF-8"?>
<!-- Generated by org.testng.reporters.JUnitReportReporter -->
<testsuite hostname="ARPGL006736" failures="0" tests="3" name="com.dataprovider.NewTest" time="1.589" errors="0" timestamp="03 Feb 2022 10:25:03 GMT" skipped="0">
  <testcase classname="com.dataprovider.NewTest" name="f" time="0.621"/>
  <testcase classname="com.dataprovider.NewTest" name="f" time="0.727"/>
  <testcase classname="com.dataprovider.NewTest" name="f" time="0.241"/>
</testsuite> <!-- com.dataprovider.NewTest -->
