<?xml version="1.0" encoding="UTF-8"?>
<!-- Generated by org.testng.reporters.JUnitReportReporter -->
<testsuite hostname="ARPGL006736" failures="0" tests="1" name="com.tests.TC_Sample" time="4.997" errors="0" timestamp="30 Jan 2022 20:04:21 GMT" skipped="0">
  <testcase classname="com.tests.TC_Sample" name="f" time="4.997"/>
</testsuite> <!-- com.tests.TC_Sample -->
